<?xml version="1.0" encoding="UTF-8"?>
<testsuite name="AsciiScreenTest" tests="2" skipped="0" failures="0" errors="0" timestamp="2024-08-07T16:01:10" hostname="Kelsons-MacBook-Pro-2.local" time="0.006">
  <properties/>
  <testcase name="testGetDisplayValue()" classname="AsciiScreenTest" time="0.003"/>
  <testcase name="testAssignDisplayValue()" classname="AsciiScreenTest" time="0.002"/>
  <system-out><![CDATA[]]></system-out>
  <system-err><![CDATA[]]></system-err>
</testsuite>
