<?xml version="1.0" encoding="UTF-8"?>
<testsuite name="SetTTest" tests="3" skipped="0" failures="0" errors="0" timestamp="2024-08-07T03:39:42" hostname="Kelsons-MacBook-Pro-2.local" time="0.009">
  <properties/>
  <testcase name="testExecute()" classname="SetTTest" time="0.003"/>
  <testcase name="testPerformAction()" classname="SetTTest" time="0.001"/>
  <testcase name="testIncrementProgramCounter()" classname="SetTTest" time="0.0"/>
  <system-out><![CDATA[]]></system-out>
  <system-err><![CDATA[]]></system-err>
</testsuite>
