<?xml version="1.0" encoding="UTF-8"?>
<testsuite name="AddTest" tests="3" skipped="0" failures="0" errors="0" timestamp="2024-08-07T16:01:10" hostname="Kelsons-MacBook-Pro-2.local" time="0.096">
  <properties/>
  <testcase name="testExecute()" classname="AddTest" time="0.08"/>
  <testcase name="testPerformAction()" classname="AddTest" time="0.002"/>
  <testcase name="testIncrementProgramCounter()" classname="AddTest" time="0.001"/>
  <system-out><![CDATA[3
15
18
1
1
2
3
24
27
]]></system-out>
  <system-err><![CDATA[]]></system-err>
</testsuite>
