<?xml version="1.0" encoding="UTF-8"?>
<testsuite name="DrawTest" tests="1" skipped="0" failures="0" errors="0" timestamp="2024-08-07T16:01:10" hostname="Kelsons-MacBook-Pro-2.local" time="0.006">
  <properties/>
  <testcase name="testPerformAction()" classname="DrawTest" time="0.006"/>
  <system-out><![CDATA[2 * * * * * * * 
* * * * * * * * 
* * * * * * * * 
* * * * * * * * 
* * * * * * * * 
* * * * * * * * 
* * * * * * * * 
* * * * * * * * 
================
]]></system-out>
  <system-err><![CDATA[]]></system-err>
</testsuite>
