<?xml version="1.0" encoding="UTF-8"?>
<testsuite name="JumpTest" tests="2" skipped="0" failures="0" errors="0" timestamp="2024-08-06T05:43:08" hostname="Kelsons-MacBook-Pro-2.local" time="0.095">
  <properties/>
  <testcase name="testExecute()" classname="JumpTest" time="0.081"/>
  <testcase name="testPerformAction()" classname="JumpTest" time="0.003"/>
  <system-out><![CDATA[This is the increment program counter method
This is the increment program counter method
]]></system-out>
  <system-err><![CDATA[]]></system-err>
</testsuite>
