<?xml version="1.0" encoding="UTF-8"?>
<testsuite name="SwitchMemoryTest" tests="3" skipped="0" failures="0" errors="0" timestamp="2024-08-06T05:55:04" hostname="Kelsons-MacBook-Pro-2.local" time="0.115">
  <properties/>
  <testcase name="testExecute()" classname="SwitchMemoryTest" time="0.097"/>
  <testcase name="testPerformAction()" classname="SwitchMemoryTest" time="0.002"/>
  <testcase name="testIncrementProgramCounter()" classname="SwitchMemoryTest" time="0.002"/>
  <system-out><![CDATA[]]></system-out>
  <system-err><![CDATA[]]></system-err>
</testsuite>
