<?xml version="1.0" encoding="UTF-8"?>
<testsuite name="ReadTest" tests="3" skipped="0" failures="0" errors="0" timestamp="2024-08-07T03:39:42" hostname="Kelsons-MacBook-Pro-2.local" time="0.005">
  <properties/>
  <testcase name="testExecute()" classname="ReadTest" time="0.003"/>
  <testcase name="testPerformAction()" classname="ReadTest" time="0.001"/>
  <testcase name="testIncrementProgramCounter()" classname="ReadTest" time="0.001"/>
  <system-out><![CDATA[]]></system-out>
  <system-err><![CDATA[]]></system-err>
</testsuite>
